-- Found ament_cmake: 0.9.8 (/opt/ros/foxy/share/ament_cmake/cmake)
-- Using PYTHON_EXECUTABLE: /usr/bin/python3
-- Found ament_lint_auto: 0.9.6 (/opt/ros/foxy/share/ament_lint_auto/cmake)
-- Added test 'copyright' to check source files copyright and LICENSE
-- Added test 'cppcheck' to perform static code analysis on C / C++ code
-- Configured cppcheck include dirs: $<BUILD_INTERFACE:/home/parallels/Documents/code/studyRos2/demo/src/package1/include>
-- Configured cppcheck exclude dirs and/or files: 
-- Added test 'cpplint' to check C / C++ code against the Google style
-- Configured cpplint exclude dirs and/or files: 
-- Added test 'lint_cmake' to check CMake code style
-- Added test 'uncrustify' to check C / C++ code style
-- Configured uncrustify additional arguments: 
-- Added test 'xmllint' to check XML markup files
-- Configuring done
-- Generating done
-- Build files have been written to: /home/parallels/Documents/code/studyRos2/demo/build/package1
[100%] Built target node1
-- Install configuration: ""
-- Up-to-date: /home/parallels/Documents/code/studyRos2/demo/install/package1/lib/package1/node1
-- Up-to-date: /home/parallels/Documents/code/studyRos2/demo/install/package1/share/ament_index/resource_index/package_run_dependencies/package1
-- Installing: /home/parallels/Documents/code/studyRos2/demo/install/package1/share/ament_index/resource_index/parent_prefix_path/package1
-- Up-to-date: /home/parallels/Documents/code/studyRos2/demo/install/package1/share/package1/environment/ament_prefix_path.sh
-- Installing: /home/parallels/Documents/code/studyRos2/demo/install/package1/share/package1/environment/ament_prefix_path.dsv
-- Up-to-date: /home/parallels/Documents/code/studyRos2/demo/install/package1/share/package1/environment/path.sh
-- Installing: /home/parallels/Documents/code/studyRos2/demo/install/package1/share/package1/environment/path.dsv
-- Up-to-date: /home/parallels/Documents/code/studyRos2/demo/install/package1/share/package1/local_setup.bash
-- Up-to-date: /home/parallels/Documents/code/studyRos2/demo/install/package1/share/package1/local_setup.sh
-- Up-to-date: /home/parallels/Documents/code/studyRos2/demo/install/package1/share/package1/local_setup.zsh
-- Installing: /home/parallels/Documents/code/studyRos2/demo/install/package1/share/package1/local_setup.dsv
-- Installing: /home/parallels/Documents/code/studyRos2/demo/install/package1/share/package1/package.dsv
-- Up-to-date: /home/parallels/Documents/code/studyRos2/demo/install/package1/share/ament_index/resource_index/packages/package1
-- Up-to-date: /home/parallels/Documents/code/studyRos2/demo/install/package1/share/package1/cmake/package1Config.cmake
-- Up-to-date: /home/parallels/Documents/code/studyRos2/demo/install/package1/share/package1/cmake/package1Config-version.cmake
-- Installing: /home/parallels/Documents/code/studyRos2/demo/install/package1/share/package1/package.xml
