[0.036s] Invoking command in '/home/parallels/Documents/code/studyRos2/demo/build/package1': CMAKE_PREFIX_PATH=${CMAKE_PREFIX_PATH}:/opt/ros/foxy /usr/bin/cmake --build /home/parallels/Documents/code/studyRos2/demo/build/package1 -- -j2 -l2
[0.049s] -- Found ament_cmake: 0.9.8 (/opt/ros/foxy/share/ament_cmake/cmake)
[0.061s] -- Using PYTHON_EXECUTABLE: /usr/bin/python3
[0.144s] -- Found ament_lint_auto: 0.9.6 (/opt/ros/foxy/share/ament_lint_auto/cmake)
[0.175s] -- Added test 'copyright' to check source files copyright and LICENSE
[0.176s] -- Added test 'cppcheck' to perform static code analysis on C / C++ code
[0.176s] -- Configured cppcheck include dirs: $<BUILD_INTERFACE:/home/parallels/Documents/code/studyRos2/demo/src/package1/include>
[0.176s] -- Configured cppcheck exclude dirs and/or files: 
[0.177s] -- Added test 'cpplint' to check C / C++ code against the Google style
[0.177s] -- Configured cpplint exclude dirs and/or files: 
[0.177s] -- Added test 'lint_cmake' to check CMake code style
[0.178s] -- Added test 'uncrustify' to check C / C++ code style
[0.178s] -- Configured uncrustify additional arguments: 
[0.178s] -- Added test 'xmllint' to check XML markup files
[0.179s] -- Configuring done
[0.181s] -- Generating done
[0.182s] -- Build files have been written to: /home/parallels/Documents/code/studyRos2/demo/build/package1
[0.211s] [100%] Built target node1
[0.217s] Invoked command in '/home/parallels/Documents/code/studyRos2/demo/build/package1' returned '0': CMAKE_PREFIX_PATH=${CMAKE_PREFIX_PATH}:/opt/ros/foxy /usr/bin/cmake --build /home/parallels/Documents/code/studyRos2/demo/build/package1 -- -j2 -l2
[0.339s] Invoking command in '/home/parallels/Documents/code/studyRos2/demo/build/package1': CMAKE_PREFIX_PATH=${CMAKE_PREFIX_PATH}:/opt/ros/foxy /usr/bin/cmake --install /home/parallels/Documents/code/studyRos2/demo/build/package1
[0.358s] -- Install configuration: ""
[0.358s] -- Up-to-date: /home/parallels/Documents/code/studyRos2/demo/install/package1/lib/package1/node1
[0.359s] -- Up-to-date: /home/parallels/Documents/code/studyRos2/demo/install/package1/share/ament_index/resource_index/package_run_dependencies/package1
[0.359s] -- Installing: /home/parallels/Documents/code/studyRos2/demo/install/package1/share/ament_index/resource_index/parent_prefix_path/package1
[0.359s] -- Up-to-date: /home/parallels/Documents/code/studyRos2/demo/install/package1/share/package1/environment/ament_prefix_path.sh
[0.360s] -- Installing: /home/parallels/Documents/code/studyRos2/demo/install/package1/share/package1/environment/ament_prefix_path.dsv
[0.360s] -- Up-to-date: /home/parallels/Documents/code/studyRos2/demo/install/package1/share/package1/environment/path.sh
[0.360s] -- Installing: /home/parallels/Documents/code/studyRos2/demo/install/package1/share/package1/environment/path.dsv
[0.360s] -- Up-to-date: /home/parallels/Documents/code/studyRos2/demo/install/package1/share/package1/local_setup.bash
[0.360s] -- Up-to-date: /home/parallels/Documents/code/studyRos2/demo/install/package1/share/package1/local_setup.sh
[0.360s] -- Up-to-date: /home/parallels/Documents/code/studyRos2/demo/install/package1/share/package1/local_setup.zsh
[0.360s] -- Installing: /home/parallels/Documents/code/studyRos2/demo/install/package1/share/package1/local_setup.dsv
[0.360s] -- Installing: /home/parallels/Documents/code/studyRos2/demo/install/package1/share/package1/package.dsv
[0.360s] -- Up-to-date: /home/parallels/Documents/code/studyRos2/demo/install/package1/share/ament_index/resource_index/packages/package1
[0.360s] -- Up-to-date: /home/parallels/Documents/code/studyRos2/demo/install/package1/share/package1/cmake/package1Config.cmake
[0.360s] -- Up-to-date: /home/parallels/Documents/code/studyRos2/demo/install/package1/share/package1/cmake/package1Config-version.cmake
[0.360s] -- Installing: /home/parallels/Documents/code/studyRos2/demo/install/package1/share/package1/package.xml
[0.363s] Invoked command in '/home/parallels/Documents/code/studyRos2/demo/build/package1' returned '0': CMAKE_PREFIX_PATH=${CMAKE_PREFIX_PATH}:/opt/ros/foxy /usr/bin/cmake --install /home/parallels/Documents/code/studyRos2/demo/build/package1
